2015-11-13 01:19:37.2506 ERROR Update_No mapping exists from object type CIAB.Models.ProductName to a known managed provider native type. | StackTrace:    at System.Data.SqlClient.MetaType.GetMetaTypeFromValue(Type dataType, Object value, Boolean inferLen, Boolean streamAllowed)
   at System.Data.SqlClient.SqlParameter.GetMetaTypeOnly()
   at System.Data.SqlClient.SqlParameter.Validate(Int32 index, Boolean isCommandProc)
   at System.Data.SqlClient.SqlCommand.SetUpRPCParameters(_SqlRPC rpc, Int32 startCount, Boolean inSchema, SqlParameterCollection parameters)
   at System.Data.SqlClient.SqlCommand.BuildRPC(Boolean inSchema, SqlParameterCollection parameters, _SqlRPC& rpc)
   at System.Data.SqlClient.SqlCommand.RunExecuteReaderTds(CommandBehavior cmdBehavior, RunBehavior runBehavior, Boolean returnStream, Boolean async, Int32 timeout, Task& task, Boolean asyncWrite, SqlDataReader ds, Boolean describeParameterEncryptionRequest)
   at System.Data.SqlClient.SqlCommand.RunExecuteReader(CommandBehavior cmdBehavior, RunBehavior runBehavior, Boolean returnStream, String method, TaskCompletionSource`1 completion, Int32 timeout, Task& task, Boolean asyncWrite)
   at System.Data.SqlClient.SqlCommand.InternalExecuteNonQuery(TaskCompletionSource`1 completion, String methodName, Boolean sendToPipe, Int32 timeout, Boolean asyncWrite)
   at System.Data.SqlClient.SqlCommand.ExecuteNonQuery()
   at CIAB.DataLayer.AdminDataLayer.UpdateOrders(AdminViewModel adminModel) in e:\Dekatku\Customers\KPMG\Projects\Cyber in the box\CIAB .NET 4.5\CIAB\CIAB\DataLayer\AdminDataLayer.cs:line 92
   at CIAB.Controllers.AdminController.Update(DataSourceRequest request, AdminViewModel adminModel) in e:\Dekatku\Customers\KPMG\Projects\Cyber in the box\CIAB .NET 4.5\CIAB\CIAB\Controllers\AdminController.cs:line 78
2015-11-13 10:03:45.8780 ERROR ViewUserOrders_An SqlParameter with ParameterName '@OrderID' is not contained by this SqlParameterCollection. | StackTrace:    at System.Data.SqlClient.SqlParameterCollection.GetParameter(String parameterName)
   at System.Data.SqlClient.SqlParameterCollection.get_Item(String parameterName)
   at CIAB.DataLayer.UserPurchasesDataLayer.GetListOfUserOrders()
   at CIAB.Controllers.UserPurchasesController.ViewUserOrders()
2015-11-13 10:30:34.5110 ERROR ViewUserOrders_String[2]: the Size property has an invalid size of 0. | StackTrace:    at System.Data.SqlClient.SqlParameter.Validate(Int32 index, Boolean isCommandProc)
   at System.Data.SqlClient.SqlCommand.SetUpRPCParameters(_SqlRPC rpc, Int32 startCount, Boolean inSchema, SqlParameterCollection parameters)
   at System.Data.SqlClient.SqlCommand.BuildRPC(Boolean inSchema, SqlParameterCollection parameters, _SqlRPC& rpc)
   at System.Data.SqlClient.SqlCommand.RunExecuteReaderTds(CommandBehavior cmdBehavior, RunBehavior runBehavior, Boolean returnStream, Boolean async, Int32 timeout, Task& task, Boolean asyncWrite, SqlDataReader ds, Boolean describeParameterEncryptionRequest)
   at System.Data.SqlClient.SqlCommand.RunExecuteReader(CommandBehavior cmdBehavior, RunBehavior runBehavior, Boolean returnStream, String method, TaskCompletionSource`1 completion, Int32 timeout, Task& task, Boolean asyncWrite)
   at System.Data.SqlClient.SqlCommand.InternalExecuteNonQuery(TaskCompletionSource`1 completion, String methodName, Boolean sendToPipe, Int32 timeout, Boolean asyncWrite)
   at System.Data.SqlClient.SqlCommand.ExecuteNonQuery()
   at CIAB.DataLayer.UserPurchasesDataLayer.GetListOfUserOrders()
   at CIAB.Controllers.UserPurchasesController.ViewUserOrders()
2015-11-13 10:30:40.7079 ERROR ViewUserOrders_String[2]: the Size property has an invalid size of 0. | StackTrace:    at System.Data.SqlClient.SqlParameter.Validate(Int32 index, Boolean isCommandProc)
   at System.Data.SqlClient.SqlCommand.SetUpRPCParameters(_SqlRPC rpc, Int32 startCount, Boolean inSchema, SqlParameterCollection parameters)
   at System.Data.SqlClient.SqlCommand.BuildRPC(Boolean inSchema, SqlParameterCollection parameters, _SqlRPC& rpc)
   at System.Data.SqlClient.SqlCommand.RunExecuteReaderTds(CommandBehavior cmdBehavior, RunBehavior runBehavior, Boolean returnStream, Boolean async, Int32 timeout, Task& task, Boolean asyncWrite, SqlDataReader ds, Boolean describeParameterEncryptionRequest)
   at System.Data.SqlClient.SqlCommand.RunExecuteReader(CommandBehavior cmdBehavior, RunBehavior runBehavior, Boolean returnStream, String method, TaskCompletionSource`1 completion, Int32 timeout, Task& task, Boolean asyncWrite)
   at System.Data.SqlClient.SqlCommand.InternalExecuteNonQuery(TaskCompletionSource`1 completion, String methodName, Boolean sendToPipe, Int32 timeout, Boolean asyncWrite)
   at System.Data.SqlClient.SqlCommand.ExecuteNonQuery()
   at CIAB.DataLayer.UserPurchasesDataLayer.GetListOfUserOrders()
   at CIAB.Controllers.UserPurchasesController.ViewUserOrders()
