2015-11-04 11:32:41.8263 ERROR Contact_Mailbox unavailable. The server response was: 5.7.3 Requested action aborted; user not authenticated | StackTrace:    at System.Net.Mail.SendMailAsyncResult.End(IAsyncResult result)
   at System.Net.Mail.SmtpTransport.EndSendMail(IAsyncResult result)
   at System.Net.Mail.SmtpClient.SendMailCallback(IAsyncResult result)
--- End of stack trace from previous location where exception was thrown ---
   at System.Runtime.CompilerServices.TaskAwaiter.ThrowForNonSuccess(Task task)
   at System.Runtime.CompilerServices.TaskAwaiter.HandleNonSuccessAndDebuggerNotification(Task task)
   at System.Runtime.CompilerServices.TaskAwaiter.GetResult()
   at CIAB.Controllers.HomeController.<Contact>d__1.MoveNext() in e:\Dekatku\Customers\KPMG\Projects\Cyber in the box\CIAB .NET 4.5\CIAB\CIAB\Controllers\HomeController.cs:line 88
2015-11-04 11:33:00.5695 ERROR Contact_Mailbox unavailable. The server response was: 5.7.3 Requested action aborted; user not authenticated | StackTrace:    at System.Net.Mail.SendMailAsyncResult.End(IAsyncResult result)
   at System.Net.Mail.SmtpTransport.EndSendMail(IAsyncResult result)
   at System.Net.Mail.SmtpClient.SendMailCallback(IAsyncResult result)
--- End of stack trace from previous location where exception was thrown ---
   at System.Runtime.CompilerServices.TaskAwaiter.ThrowForNonSuccess(Task task)
   at System.Runtime.CompilerServices.TaskAwaiter.HandleNonSuccessAndDebuggerNotification(Task task)
   at System.Runtime.CompilerServices.TaskAwaiter.GetResult()
   at CIAB.Controllers.HomeController.<Contact>d__1.MoveNext() in e:\Dekatku\Customers\KPMG\Projects\Cyber in the box\CIAB .NET 4.5\CIAB\CIAB\Controllers\HomeController.cs:line 88
2015-11-04 11:33:41.5342 ERROR Contact_Mailbox unavailable. The server response was: 5.7.3 Requested action aborted; user not authenticated | StackTrace:    at System.Net.Mail.SendMailAsyncResult.End(IAsyncResult result)
   at System.Net.Mail.SmtpTransport.EndSendMail(IAsyncResult result)
   at System.Net.Mail.SmtpClient.SendMailCallback(IAsyncResult result)
--- End of stack trace from previous location where exception was thrown ---
   at System.Runtime.CompilerServices.TaskAwaiter.ThrowForNonSuccess(Task task)
   at System.Runtime.CompilerServices.TaskAwaiter.HandleNonSuccessAndDebuggerNotification(Task task)
   at System.Runtime.CompilerServices.TaskAwaiter.GetResult()
   at CIAB.Controllers.HomeController.<Contact>d__1.MoveNext() in e:\Dekatku\Customers\KPMG\Projects\Cyber in the box\CIAB .NET 4.5\CIAB\CIAB\Controllers\HomeController.cs:line 88
2015-11-04 11:33:53.2182 ERROR Contact_The specified string is not in the form required for an e-mail address. | StackTrace:    at System.Net.Mail.MailAddressParser.ReadCfwsAndThrowIfIncomplete(String data, Int32 index)
   at System.Net.Mail.MailAddressParser.ParseDomain(String data, Int32& index)
   at System.Net.Mail.MailAddressParser.ParseAddress(String data, Boolean expectMultipleAddresses, Int32& index)
   at System.Net.Mail.MailAddressParser.ParseMultipleAddresses(String data)
   at System.Net.Mail.MailAddressCollection.ParseValue(String addresses)
   at System.Net.Mail.MailAddressCollection.Add(String addresses)
   at CIAB.Controllers.HomeController.<Contact>d__1.MoveNext() in e:\Dekatku\Customers\KPMG\Projects\Cyber in the box\CIAB .NET 4.5\CIAB\CIAB\Controllers\HomeController.cs:line 70
2015-11-04 11:33:53.2182 ERROR Contact_The specified string is not in the form required for an e-mail address. | StackTrace:    at System.Net.Mail.MailAddressParser.ReadCfwsAndThrowIfIncomplete(String data, Int32 index)
   at System.Net.Mail.MailAddressParser.ParseDomain(String data, Int32& index)
   at System.Net.Mail.MailAddressParser.ParseAddress(String data, Boolean expectMultipleAddresses, Int32& index)
   at System.Net.Mail.MailAddressParser.ParseMultipleAddresses(String data)
   at System.Net.Mail.MailAddressCollection.ParseValue(String addresses)
   at System.Net.Mail.MailAddressCollection.Add(String addresses)
   at CIAB.Controllers.HomeController.<Contact>d__1.MoveNext() in e:\Dekatku\Customers\KPMG\Projects\Cyber in the box\CIAB .NET 4.5\CIAB\CIAB\Controllers\HomeController.cs:line 70
