2015-11-06 10:11:43.5790 ERROR Update_Procedure or function 'sp_UpdateOrderDetails' expects parameter '@productName', which was not supplied. | StackTrace:    at System.Data.SqlClient.SqlConnection.OnError(SqlException exception, Boolean breakConnection, Action`1 wrapCloseInAction)
   at System.Data.SqlClient.SqlInternalConnection.OnError(SqlException exception, Boolean breakConnection, Action`1 wrapCloseInAction)
   at System.Data.SqlClient.TdsParser.ThrowExceptionAndWarning(TdsParserStateObject stateObj, Boolean callerHasConnectionLock, Boolean asyncClose)
   at System.Data.SqlClient.TdsParser.TryRun(RunBehavior runBehavior, SqlCommand cmdHandler, SqlDataReader dataStream, BulkCopySimpleResultSet bulkCopyHandler, TdsParserStateObject stateObj, Boolean& dataReady)
   at System.Data.SqlClient.SqlCommand.FinishExecuteReader(SqlDataReader ds, RunBehavior runBehavior, String resetOptionsString)
   at System.Data.SqlClient.SqlCommand.RunExecuteReaderTds(CommandBehavior cmdBehavior, RunBehavior runBehavior, Boolean returnStream, Boolean async, Int32 timeout, Task& task, Boolean asyncWrite, SqlDataReader ds, Boolean describeParameterEncryptionRequest)
   at System.Data.SqlClient.SqlCommand.RunExecuteReader(CommandBehavior cmdBehavior, RunBehavior runBehavior, Boolean returnStream, String method, TaskCompletionSource`1 completion, Int32 timeout, Task& task, Boolean asyncWrite)
   at System.Data.SqlClient.SqlCommand.InternalExecuteNonQuery(TaskCompletionSource`1 completion, String methodName, Boolean sendToPipe, Int32 timeout, Boolean asyncWrite)
   at System.Data.SqlClient.SqlCommand.ExecuteNonQuery()
   at CIAB.Controllers.AdminController.Update(DataSourceRequest request, AdminViewModel adminModel)
2015-11-06 10:23:03.1530 ERROR Update_Procedure or function 'sp_UpdateOrderDetails' expects parameter '@productID', which was not supplied. | StackTrace:    at System.Data.SqlClient.SqlConnection.OnError(SqlException exception, Boolean breakConnection, Action`1 wrapCloseInAction)
   at System.Data.SqlClient.SqlInternalConnection.OnError(SqlException exception, Boolean breakConnection, Action`1 wrapCloseInAction)
   at System.Data.SqlClient.TdsParser.ThrowExceptionAndWarning(TdsParserStateObject stateObj, Boolean callerHasConnectionLock, Boolean asyncClose)
   at System.Data.SqlClient.TdsParser.TryRun(RunBehavior runBehavior, SqlCommand cmdHandler, SqlDataReader dataStream, BulkCopySimpleResultSet bulkCopyHandler, TdsParserStateObject stateObj, Boolean& dataReady)
   at System.Data.SqlClient.SqlCommand.FinishExecuteReader(SqlDataReader ds, RunBehavior runBehavior, String resetOptionsString)
   at System.Data.SqlClient.SqlCommand.RunExecuteReaderTds(CommandBehavior cmdBehavior, RunBehavior runBehavior, Boolean returnStream, Boolean async, Int32 timeout, Task& task, Boolean asyncWrite, SqlDataReader ds, Boolean describeParameterEncryptionRequest)
   at System.Data.SqlClient.SqlCommand.RunExecuteReader(CommandBehavior cmdBehavior, RunBehavior runBehavior, Boolean returnStream, String method, TaskCompletionSource`1 completion, Int32 timeout, Task& task, Boolean asyncWrite)
   at System.Data.SqlClient.SqlCommand.InternalExecuteNonQuery(TaskCompletionSource`1 completion, String methodName, Boolean sendToPipe, Int32 timeout, Boolean asyncWrite)
   at System.Data.SqlClient.SqlCommand.ExecuteNonQuery()
   at CIAB.Controllers.AdminController.Update(DataSourceRequest request, AdminViewModel adminModel) in e:\Dekatku\Customers\KPMG\Projects\Cyber in the box\CIAB .NET 4.5\CIAB\CIAB\Controllers\AdminController.cs:line 135
2015-11-06 10:53:45.3625 ERROR Update_No mapping exists from object type CIAB.Models.ProductName to a known managed provider native type. | StackTrace:    at System.Data.SqlClient.MetaType.GetMetaTypeFromValue(Type dataType, Object value, Boolean inferLen, Boolean streamAllowed)
   at System.Data.SqlClient.SqlParameter.GetMetaTypeOnly()
   at System.Data.SqlClient.SqlParameter.Validate(Int32 index, Boolean isCommandProc)
   at System.Data.SqlClient.SqlCommand.SetUpRPCParameters(_SqlRPC rpc, Int32 startCount, Boolean inSchema, SqlParameterCollection parameters)
   at System.Data.SqlClient.SqlCommand.BuildRPC(Boolean inSchema, SqlParameterCollection parameters, _SqlRPC& rpc)
   at System.Data.SqlClient.SqlCommand.RunExecuteReaderTds(CommandBehavior cmdBehavior, RunBehavior runBehavior, Boolean returnStream, Boolean async, Int32 timeout, Task& task, Boolean asyncWrite, SqlDataReader ds, Boolean describeParameterEncryptionRequest)
   at System.Data.SqlClient.SqlCommand.RunExecuteReader(CommandBehavior cmdBehavior, RunBehavior runBehavior, Boolean returnStream, String method, TaskCompletionSource`1 completion, Int32 timeout, Task& task, Boolean asyncWrite)
   at System.Data.SqlClient.SqlCommand.InternalExecuteNonQuery(TaskCompletionSource`1 completion, String methodName, Boolean sendToPipe, Int32 timeout, Boolean asyncWrite)
   at System.Data.SqlClient.SqlCommand.ExecuteNonQuery()
   at CIAB.Controllers.AdminController.Update(DataSourceRequest request, AdminViewModel adminModel) in e:\Dekatku\Customers\KPMG\Projects\Cyber in the box\CIAB .NET 4.5\CIAB\CIAB\Controllers\AdminController.cs:line 139
2015-11-06 10:53:55.7069 ERROR Update_No mapping exists from object type CIAB.Models.ProductName to a known managed provider native type. | StackTrace:    at System.Data.SqlClient.MetaType.GetMetaTypeFromValue(Type dataType, Object value, Boolean inferLen, Boolean streamAllowed)
   at System.Data.SqlClient.SqlParameter.GetMetaTypeOnly()
   at System.Data.SqlClient.SqlParameter.Validate(Int32 index, Boolean isCommandProc)
   at System.Data.SqlClient.SqlCommand.SetUpRPCParameters(_SqlRPC rpc, Int32 startCount, Boolean inSchema, SqlParameterCollection parameters)
   at System.Data.SqlClient.SqlCommand.BuildRPC(Boolean inSchema, SqlParameterCollection parameters, _SqlRPC& rpc)
   at System.Data.SqlClient.SqlCommand.RunExecuteReaderTds(CommandBehavior cmdBehavior, RunBehavior runBehavior, Boolean returnStream, Boolean async, Int32 timeout, Task& task, Boolean asyncWrite, SqlDataReader ds, Boolean describeParameterEncryptionRequest)
   at System.Data.SqlClient.SqlCommand.RunExecuteReader(CommandBehavior cmdBehavior, RunBehavior runBehavior, Boolean returnStream, String method, TaskCompletionSource`1 completion, Int32 timeout, Task& task, Boolean asyncWrite)
   at System.Data.SqlClient.SqlCommand.InternalExecuteNonQuery(TaskCompletionSource`1 completion, String methodName, Boolean sendToPipe, Int32 timeout, Boolean asyncWrite)
   at System.Data.SqlClient.SqlCommand.ExecuteNonQuery()
   at CIAB.Controllers.AdminController.Update(DataSourceRequest request, AdminViewModel adminModel) in e:\Dekatku\Customers\KPMG\Projects\Cyber in the box\CIAB .NET 4.5\CIAB\CIAB\Controllers\AdminController.cs:line 139
2015-11-06 10:54:08.4978 ERROR Update_No mapping exists from object type CIAB.Models.ProductName to a known managed provider native type. | StackTrace:    at System.Data.SqlClient.MetaType.GetMetaTypeFromValue(Type dataType, Object value, Boolean inferLen, Boolean streamAllowed)
   at System.Data.SqlClient.SqlParameter.GetMetaTypeOnly()
   at System.Data.SqlClient.SqlParameter.Validate(Int32 index, Boolean isCommandProc)
   at System.Data.SqlClient.SqlCommand.SetUpRPCParameters(_SqlRPC rpc, Int32 startCount, Boolean inSchema, SqlParameterCollection parameters)
   at System.Data.SqlClient.SqlCommand.BuildRPC(Boolean inSchema, SqlParameterCollection parameters, _SqlRPC& rpc)
   at System.Data.SqlClient.SqlCommand.RunExecuteReaderTds(CommandBehavior cmdBehavior, RunBehavior runBehavior, Boolean returnStream, Boolean async, Int32 timeout, Task& task, Boolean asyncWrite, SqlDataReader ds, Boolean describeParameterEncryptionRequest)
   at System.Data.SqlClient.SqlCommand.RunExecuteReader(CommandBehavior cmdBehavior, RunBehavior runBehavior, Boolean returnStream, String method, TaskCompletionSource`1 completion, Int32 timeout, Task& task, Boolean asyncWrite)
   at System.Data.SqlClient.SqlCommand.InternalExecuteNonQuery(TaskCompletionSource`1 completion, String methodName, Boolean sendToPipe, Int32 timeout, Boolean asyncWrite)
   at System.Data.SqlClient.SqlCommand.ExecuteNonQuery()
   at CIAB.Controllers.AdminController.Update(DataSourceRequest request, AdminViewModel adminModel) in e:\Dekatku\Customers\KPMG\Projects\Cyber in the box\CIAB .NET 4.5\CIAB\CIAB\Controllers\AdminController.cs:line 139
2015-11-06 10:54:37.0662 ERROR Update_No mapping exists from object type CIAB.Models.ProductName to a known managed provider native type. | StackTrace:    at System.Data.SqlClient.MetaType.GetMetaTypeFromValue(Type dataType, Object value, Boolean inferLen, Boolean streamAllowed)
   at System.Data.SqlClient.SqlParameter.GetMetaTypeOnly()
   at System.Data.SqlClient.SqlParameter.Validate(Int32 index, Boolean isCommandProc)
   at System.Data.SqlClient.SqlCommand.SetUpRPCParameters(_SqlRPC rpc, Int32 startCount, Boolean inSchema, SqlParameterCollection parameters)
   at System.Data.SqlClient.SqlCommand.BuildRPC(Boolean inSchema, SqlParameterCollection parameters, _SqlRPC& rpc)
   at System.Data.SqlClient.SqlCommand.RunExecuteReaderTds(CommandBehavior cmdBehavior, RunBehavior runBehavior, Boolean returnStream, Boolean async, Int32 timeout, Task& task, Boolean asyncWrite, SqlDataReader ds, Boolean describeParameterEncryptionRequest)
   at System.Data.SqlClient.SqlCommand.RunExecuteReader(CommandBehavior cmdBehavior, RunBehavior runBehavior, Boolean returnStream, String method, TaskCompletionSource`1 completion, Int32 timeout, Task& task, Boolean asyncWrite)
   at System.Data.SqlClient.SqlCommand.InternalExecuteNonQuery(TaskCompletionSource`1 completion, String methodName, Boolean sendToPipe, Int32 timeout, Boolean asyncWrite)
   at System.Data.SqlClient.SqlCommand.ExecuteNonQuery()
   at CIAB.Controllers.AdminController.Update(DataSourceRequest request, AdminViewModel adminModel) in e:\Dekatku\Customers\KPMG\Projects\Cyber in the box\CIAB .NET 4.5\CIAB\CIAB\Controllers\AdminController.cs:line 139
2015-11-06 10:54:37.4194 ERROR Update_No mapping exists from object type CIAB.Models.ProductName to a known managed provider native type. | StackTrace:    at System.Data.SqlClient.MetaType.GetMetaTypeFromValue(Type dataType, Object value, Boolean inferLen, Boolean streamAllowed)
   at System.Data.SqlClient.SqlParameter.GetMetaTypeOnly()
   at System.Data.SqlClient.SqlParameter.Validate(Int32 index, Boolean isCommandProc)
   at System.Data.SqlClient.SqlCommand.SetUpRPCParameters(_SqlRPC rpc, Int32 startCount, Boolean inSchema, SqlParameterCollection parameters)
   at System.Data.SqlClient.SqlCommand.BuildRPC(Boolean inSchema, SqlParameterCollection parameters, _SqlRPC& rpc)
   at System.Data.SqlClient.SqlCommand.RunExecuteReaderTds(CommandBehavior cmdBehavior, RunBehavior runBehavior, Boolean returnStream, Boolean async, Int32 timeout, Task& task, Boolean asyncWrite, SqlDataReader ds, Boolean describeParameterEncryptionRequest)
   at System.Data.SqlClient.SqlCommand.RunExecuteReader(CommandBehavior cmdBehavior, RunBehavior runBehavior, Boolean returnStream, String method, TaskCompletionSource`1 completion, Int32 timeout, Task& task, Boolean asyncWrite)
   at System.Data.SqlClient.SqlCommand.InternalExecuteNonQuery(TaskCompletionSource`1 completion, String methodName, Boolean sendToPipe, Int32 timeout, Boolean asyncWrite)
   at System.Data.SqlClient.SqlCommand.ExecuteNonQuery()
   at CIAB.Controllers.AdminController.Update(DataSourceRequest request, AdminViewModel adminModel) in e:\Dekatku\Customers\KPMG\Projects\Cyber in the box\CIAB .NET 4.5\CIAB\CIAB\Controllers\AdminController.cs:line 139
2015-11-06 10:54:52.1282 ERROR Update_No mapping exists from object type CIAB.Models.ProductName to a known managed provider native type. | StackTrace:    at System.Data.SqlClient.MetaType.GetMetaTypeFromValue(Type dataType, Object value, Boolean inferLen, Boolean streamAllowed)
   at System.Data.SqlClient.SqlParameter.GetMetaTypeOnly()
   at System.Data.SqlClient.SqlParameter.Validate(Int32 index, Boolean isCommandProc)
   at System.Data.SqlClient.SqlCommand.SetUpRPCParameters(_SqlRPC rpc, Int32 startCount, Boolean inSchema, SqlParameterCollection parameters)
   at System.Data.SqlClient.SqlCommand.BuildRPC(Boolean inSchema, SqlParameterCollection parameters, _SqlRPC& rpc)
   at System.Data.SqlClient.SqlCommand.RunExecuteReaderTds(CommandBehavior cmdBehavior, RunBehavior runBehavior, Boolean returnStream, Boolean async, Int32 timeout, Task& task, Boolean asyncWrite, SqlDataReader ds, Boolean describeParameterEncryptionRequest)
   at System.Data.SqlClient.SqlCommand.RunExecuteReader(CommandBehavior cmdBehavior, RunBehavior runBehavior, Boolean returnStream, String method, TaskCompletionSource`1 completion, Int32 timeout, Task& task, Boolean asyncWrite)
   at System.Data.SqlClient.SqlCommand.InternalExecuteNonQuery(TaskCompletionSource`1 completion, String methodName, Boolean sendToPipe, Int32 timeout, Boolean asyncWrite)
   at System.Data.SqlClient.SqlCommand.ExecuteNonQuery()
   at CIAB.Controllers.AdminController.Update(DataSourceRequest request, AdminViewModel adminModel) in e:\Dekatku\Customers\KPMG\Projects\Cyber in the box\CIAB .NET 4.5\CIAB\CIAB\Controllers\AdminController.cs:line 139
2015-11-06 10:54:52.5054 ERROR Update_No mapping exists from object type CIAB.Models.ProductName to a known managed provider native type. | StackTrace:    at System.Data.SqlClient.MetaType.GetMetaTypeFromValue(Type dataType, Object value, Boolean inferLen, Boolean streamAllowed)
   at System.Data.SqlClient.SqlParameter.GetMetaTypeOnly()
   at System.Data.SqlClient.SqlParameter.Validate(Int32 index, Boolean isCommandProc)
   at System.Data.SqlClient.SqlCommand.SetUpRPCParameters(_SqlRPC rpc, Int32 startCount, Boolean inSchema, SqlParameterCollection parameters)
   at System.Data.SqlClient.SqlCommand.BuildRPC(Boolean inSchema, SqlParameterCollection parameters, _SqlRPC& rpc)
   at System.Data.SqlClient.SqlCommand.RunExecuteReaderTds(CommandBehavior cmdBehavior, RunBehavior runBehavior, Boolean returnStream, Boolean async, Int32 timeout, Task& task, Boolean asyncWrite, SqlDataReader ds, Boolean describeParameterEncryptionRequest)
   at System.Data.SqlClient.SqlCommand.RunExecuteReader(CommandBehavior cmdBehavior, RunBehavior runBehavior, Boolean returnStream, String method, TaskCompletionSource`1 completion, Int32 timeout, Task& task, Boolean asyncWrite)
   at System.Data.SqlClient.SqlCommand.InternalExecuteNonQuery(TaskCompletionSource`1 completion, String methodName, Boolean sendToPipe, Int32 timeout, Boolean asyncWrite)
   at System.Data.SqlClient.SqlCommand.ExecuteNonQuery()
   at CIAB.Controllers.AdminController.Update(DataSourceRequest request, AdminViewModel adminModel) in e:\Dekatku\Customers\KPMG\Projects\Cyber in the box\CIAB .NET 4.5\CIAB\CIAB\Controllers\AdminController.cs:line 139
2015-11-06 10:55:09.6950 ERROR Update_No mapping exists from object type CIAB.Models.ProductName to a known managed provider native type. | StackTrace:    at System.Data.SqlClient.MetaType.GetMetaTypeFromValue(Type dataType, Object value, Boolean inferLen, Boolean streamAllowed)
   at System.Data.SqlClient.SqlParameter.GetMetaTypeOnly()
   at System.Data.SqlClient.SqlParameter.Validate(Int32 index, Boolean isCommandProc)
   at System.Data.SqlClient.SqlCommand.SetUpRPCParameters(_SqlRPC rpc, Int32 startCount, Boolean inSchema, SqlParameterCollection parameters)
   at System.Data.SqlClient.SqlCommand.BuildRPC(Boolean inSchema, SqlParameterCollection parameters, _SqlRPC& rpc)
   at System.Data.SqlClient.SqlCommand.RunExecuteReaderTds(CommandBehavior cmdBehavior, RunBehavior runBehavior, Boolean returnStream, Boolean async, Int32 timeout, Task& task, Boolean asyncWrite, SqlDataReader ds, Boolean describeParameterEncryptionRequest)
   at System.Data.SqlClient.SqlCommand.RunExecuteReader(CommandBehavior cmdBehavior, RunBehavior runBehavior, Boolean returnStream, String method, TaskCompletionSource`1 completion, Int32 timeout, Task& task, Boolean asyncWrite)
   at System.Data.SqlClient.SqlCommand.InternalExecuteNonQuery(TaskCompletionSource`1 completion, String methodName, Boolean sendToPipe, Int32 timeout, Boolean asyncWrite)
   at System.Data.SqlClient.SqlCommand.ExecuteNonQuery()
   at CIAB.Controllers.AdminController.Update(DataSourceRequest request, AdminViewModel adminModel) in e:\Dekatku\Customers\KPMG\Projects\Cyber in the box\CIAB .NET 4.5\CIAB\CIAB\Controllers\AdminController.cs:line 139
2015-11-06 10:55:10.0642 ERROR Update_No mapping exists from object type CIAB.Models.ProductName to a known managed provider native type. | StackTrace:    at System.Data.SqlClient.MetaType.GetMetaTypeFromValue(Type dataType, Object value, Boolean inferLen, Boolean streamAllowed)
   at System.Data.SqlClient.SqlParameter.GetMetaTypeOnly()
   at System.Data.SqlClient.SqlParameter.Validate(Int32 index, Boolean isCommandProc)
   at System.Data.SqlClient.SqlCommand.SetUpRPCParameters(_SqlRPC rpc, Int32 startCount, Boolean inSchema, SqlParameterCollection parameters)
   at System.Data.SqlClient.SqlCommand.BuildRPC(Boolean inSchema, SqlParameterCollection parameters, _SqlRPC& rpc)
   at System.Data.SqlClient.SqlCommand.RunExecuteReaderTds(CommandBehavior cmdBehavior, RunBehavior runBehavior, Boolean returnStream, Boolean async, Int32 timeout, Task& task, Boolean asyncWrite, SqlDataReader ds, Boolean describeParameterEncryptionRequest)
   at System.Data.SqlClient.SqlCommand.RunExecuteReader(CommandBehavior cmdBehavior, RunBehavior runBehavior, Boolean returnStream, String method, TaskCompletionSource`1 completion, Int32 timeout, Task& task, Boolean asyncWrite)
   at System.Data.SqlClient.SqlCommand.InternalExecuteNonQuery(TaskCompletionSource`1 completion, String methodName, Boolean sendToPipe, Int32 timeout, Boolean asyncWrite)
   at System.Data.SqlClient.SqlCommand.ExecuteNonQuery()
   at CIAB.Controllers.AdminController.Update(DataSourceRequest request, AdminViewModel adminModel) in e:\Dekatku\Customers\KPMG\Projects\Cyber in the box\CIAB .NET 4.5\CIAB\CIAB\Controllers\AdminController.cs:line 139
2015-11-06 10:55:10.5625 ERROR Update_No mapping exists from object type CIAB.Models.ProductName to a known managed provider native type. | StackTrace:    at System.Data.SqlClient.MetaType.GetMetaTypeFromValue(Type dataType, Object value, Boolean inferLen, Boolean streamAllowed)
   at System.Data.SqlClient.SqlParameter.GetMetaTypeOnly()
   at System.Data.SqlClient.SqlParameter.Validate(Int32 index, Boolean isCommandProc)
   at System.Data.SqlClient.SqlCommand.SetUpRPCParameters(_SqlRPC rpc, Int32 startCount, Boolean inSchema, SqlParameterCollection parameters)
   at System.Data.SqlClient.SqlCommand.BuildRPC(Boolean inSchema, SqlParameterCollection parameters, _SqlRPC& rpc)
   at System.Data.SqlClient.SqlCommand.RunExecuteReaderTds(CommandBehavior cmdBehavior, RunBehavior runBehavior, Boolean returnStream, Boolean async, Int32 timeout, Task& task, Boolean asyncWrite, SqlDataReader ds, Boolean describeParameterEncryptionRequest)
   at System.Data.SqlClient.SqlCommand.RunExecuteReader(CommandBehavior cmdBehavior, RunBehavior runBehavior, Boolean returnStream, String method, TaskCompletionSource`1 completion, Int32 timeout, Task& task, Boolean asyncWrite)
   at System.Data.SqlClient.SqlCommand.InternalExecuteNonQuery(TaskCompletionSource`1 completion, String methodName, Boolean sendToPipe, Int32 timeout, Boolean asyncWrite)
   at System.Data.SqlClient.SqlCommand.ExecuteNonQuery()
   at CIAB.Controllers.AdminController.Update(DataSourceRequest request, AdminViewModel adminModel) in e:\Dekatku\Customers\KPMG\Projects\Cyber in the box\CIAB .NET 4.5\CIAB\CIAB\Controllers\AdminController.cs:line 139
2015-11-06 11:26:48.9681 ERROR Update_No mapping exists from object type CIAB.Models.ProductName to a known managed provider native type. | StackTrace:    at System.Data.SqlClient.MetaType.GetMetaTypeFromValue(Type dataType, Object value, Boolean inferLen, Boolean streamAllowed)
   at System.Data.SqlClient.SqlParameter.GetMetaTypeOnly()
   at System.Data.SqlClient.SqlParameter.Validate(Int32 index, Boolean isCommandProc)
   at System.Data.SqlClient.SqlCommand.SetUpRPCParameters(_SqlRPC rpc, Int32 startCount, Boolean inSchema, SqlParameterCollection parameters)
   at System.Data.SqlClient.SqlCommand.BuildRPC(Boolean inSchema, SqlParameterCollection parameters, _SqlRPC& rpc)
   at System.Data.SqlClient.SqlCommand.RunExecuteReaderTds(CommandBehavior cmdBehavior, RunBehavior runBehavior, Boolean returnStream, Boolean async, Int32 timeout, Task& task, Boolean asyncWrite, SqlDataReader ds, Boolean describeParameterEncryptionRequest)
   at System.Data.SqlClient.SqlCommand.RunExecuteReader(CommandBehavior cmdBehavior, RunBehavior runBehavior, Boolean returnStream, String method, TaskCompletionSource`1 completion, Int32 timeout, Task& task, Boolean asyncWrite)
   at System.Data.SqlClient.SqlCommand.InternalExecuteNonQuery(TaskCompletionSource`1 completion, String methodName, Boolean sendToPipe, Int32 timeout, Boolean asyncWrite)
   at System.Data.SqlClient.SqlCommand.ExecuteNonQuery()
   at CIAB.Controllers.AdminController.Update(DataSourceRequest request, AdminViewModel adminModel) in e:\Dekatku\Customers\KPMG\Projects\Cyber in the box\CIAB .NET 4.5\CIAB\CIAB\Controllers\AdminController.cs:line 139
2015-11-06 11:27:03.2188 ERROR Update_No mapping exists from object type CIAB.Models.ProductName to a known managed provider native type. | StackTrace:    at System.Data.SqlClient.MetaType.GetMetaTypeFromValue(Type dataType, Object value, Boolean inferLen, Boolean streamAllowed)
   at System.Data.SqlClient.SqlParameter.GetMetaTypeOnly()
   at System.Data.SqlClient.SqlParameter.Validate(Int32 index, Boolean isCommandProc)
   at System.Data.SqlClient.SqlCommand.SetUpRPCParameters(_SqlRPC rpc, Int32 startCount, Boolean inSchema, SqlParameterCollection parameters)
   at System.Data.SqlClient.SqlCommand.BuildRPC(Boolean inSchema, SqlParameterCollection parameters, _SqlRPC& rpc)
   at System.Data.SqlClient.SqlCommand.RunExecuteReaderTds(CommandBehavior cmdBehavior, RunBehavior runBehavior, Boolean returnStream, Boolean async, Int32 timeout, Task& task, Boolean asyncWrite, SqlDataReader ds, Boolean describeParameterEncryptionRequest)
   at System.Data.SqlClient.SqlCommand.RunExecuteReader(CommandBehavior cmdBehavior, RunBehavior runBehavior, Boolean returnStream, String method, TaskCompletionSource`1 completion, Int32 timeout, Task& task, Boolean asyncWrite)
   at System.Data.SqlClient.SqlCommand.InternalExecuteNonQuery(TaskCompletionSource`1 completion, String methodName, Boolean sendToPipe, Int32 timeout, Boolean asyncWrite)
   at System.Data.SqlClient.SqlCommand.ExecuteNonQuery()
   at CIAB.Controllers.AdminController.Update(DataSourceRequest request, AdminViewModel adminModel) in e:\Dekatku\Customers\KPMG\Projects\Cyber in the box\CIAB .NET 4.5\CIAB\CIAB\Controllers\AdminController.cs:line 139
2015-11-06 11:27:18.9618 ERROR Update_No mapping exists from object type CIAB.Models.ProductName to a known managed provider native type. | StackTrace:    at System.Data.SqlClient.MetaType.GetMetaTypeFromValue(Type dataType, Object value, Boolean inferLen, Boolean streamAllowed)
   at System.Data.SqlClient.SqlParameter.GetMetaTypeOnly()
   at System.Data.SqlClient.SqlParameter.Validate(Int32 index, Boolean isCommandProc)
   at System.Data.SqlClient.SqlCommand.SetUpRPCParameters(_SqlRPC rpc, Int32 startCount, Boolean inSchema, SqlParameterCollection parameters)
   at System.Data.SqlClient.SqlCommand.BuildRPC(Boolean inSchema, SqlParameterCollection parameters, _SqlRPC& rpc)
   at System.Data.SqlClient.SqlCommand.RunExecuteReaderTds(CommandBehavior cmdBehavior, RunBehavior runBehavior, Boolean returnStream, Boolean async, Int32 timeout, Task& task, Boolean asyncWrite, SqlDataReader ds, Boolean describeParameterEncryptionRequest)
   at System.Data.SqlClient.SqlCommand.RunExecuteReader(CommandBehavior cmdBehavior, RunBehavior runBehavior, Boolean returnStream, String method, TaskCompletionSource`1 completion, Int32 timeout, Task& task, Boolean asyncWrite)
   at System.Data.SqlClient.SqlCommand.InternalExecuteNonQuery(TaskCompletionSource`1 completion, String methodName, Boolean sendToPipe, Int32 timeout, Boolean asyncWrite)
   at System.Data.SqlClient.SqlCommand.ExecuteNonQuery()
   at CIAB.Controllers.AdminController.Update(DataSourceRequest request, AdminViewModel adminModel) in e:\Dekatku\Customers\KPMG\Projects\Cyber in the box\CIAB .NET 4.5\CIAB\CIAB\Controllers\AdminController.cs:line 139
2015-11-06 22:01:28.5501 ERROR Register_Object reference not set to an instance of an object. | StackTrace:    at CIAB.DataLayer.HomeDataLayer.RegisterUser(User NewUser) in e:\Dekatku\Customers\KPMG\Projects\Cyber in the box\CIAB .NET 4.5\CIAB\CIAB\DataLayer\HomeDataLayer.cs:line 69
   at CIAB.Controllers.HomeController.Register(User NewUser) in e:\Dekatku\Customers\KPMG\Projects\Cyber in the box\CIAB .NET 4.5\CIAB\CIAB\Controllers\HomeController.cs:line 134
2015-11-06 22:17:41.8895 ERROR Register_Object reference not set to an instance of an object. | StackTrace:    at CIAB.DataLayer.HomeDataLayer.RegisterUser(User NewUser) in e:\Dekatku\Customers\KPMG\Projects\Cyber in the box\CIAB .NET 4.5\CIAB\CIAB\DataLayer\HomeDataLayer.cs:line 69
   at CIAB.Controllers.HomeController.Register(User NewUser) in e:\Dekatku\Customers\KPMG\Projects\Cyber in the box\CIAB .NET 4.5\CIAB\CIAB\Controllers\HomeController.cs:line 134
